<?xml version="1.0" encoding="UTF-8"?>
<testsuite xmlns:xsi="http://www.w3.org/2001/XMLSchema-instance" xsi:noNamespaceSchemaLocation="https://maven.apache.org/surefire/maven-surefire-plugin/xsd/surefire-test-report.xsd" name="br.com.inmetrics.teste.runner.RunCucumberTest" time="242.291" tests="47" errors="0" skipped="0" failures="2">
  <properties>
[...]
</properties>
  <testcase name="Dado que estou acessando a aplicação" classname="Cenario: Deve cadastrar um usuário com sucesso" time="0.004"/>
  <testcase name="E acesso a página de cadastro de usuários" classname="Cenario: Deve cadastrar um usuário com sucesso" time="0"/>
  <testcase name="Quando informo o usuário &quot;desafioTeste&quot;" classname="Cenario: Deve cadastrar um usuário com sucesso" time="0.003"/>
  <testcase name="E informo a senha &quot;desafioTeste&quot;" classname="Cenario: Deve cadastrar um usuário com sucesso" time="0.001"/>
  <testcase name="E confirmo a senha &quot;desafioTeste&quot;" classname="Cenario: Deve cadastrar um usuário com sucesso" time="0"/>
  <testcase name="Quando seleciono o botao Cadastrar" classname="Cenario: Deve cadastrar um usuário com sucesso" time="0"/>
  <testcase name="Entao a aplicação retorna para a página de Login" classname="Cenario: Deve cadastrar um usuário com sucesso" time="0"/>
  <testcase name="Cenario: Deve cadastrar um usuário com sucesso" classname="Cenario: Deve cadastrar um usuário com sucesso" time="4.957"/>
  <testcase name="Dado que estou acessando a aplicação" classname="Cenario: Deve realizar o login de um usuário cadastrado" time="0"/>
  <testcase name="Quando informo o usuário cadastrado &quot;desafioTeste1&quot;" classname="Cenario: Deve realizar o login de um usuário cadastrado" time="0"/>
  <testcase name="E informo a senha &quot;desafioTeste1&quot;" classname="Cenario: Deve realizar o login de um usuário cadastrado" time="0"/>
  <testcase name="Quando seleciono o botao Entre" classname="Cenario: Deve realizar o login de um usuário cadastrado" time="0"/>
  <testcase name="Entao a aplicação mostra a tabela de usuários cadastrados" classname="Cenario: Deve realizar o login de um usuário cadastrado" time="0"/>
  <testcase name="Cenario: Deve realizar o login de um usuário cadastrado" classname="Cenario: Deve realizar o login de um usuário cadastrado" time="4.903"/>
  <testcase name="Dado que estou acessando a aplicação" classname="Cenario: Cadastrar um Funcionário" time="0"/>
  <testcase name="E realizar o login com o usuario &quot;desafioTeste1&quot; e a senha &quot;desafioTeste1&quot;" classname="Cenario: Cadastrar um Funcionário" time="0"/>
  <testcase name="Quando eu selecionar o link NOVO FUNCIONÁRIO" classname="Cenario: Cadastrar um Funcionário" time="0"/>
  <testcase name="E informar os dados válidos de um funcionário" classname="Cenario: Cadastrar um Funcionário" time="0"/>
  <testcase name="E enviar o formulário" classname="Cenario: Cadastrar um Funcionário" time="0"/>
  <testcase name="Entao o sistema exibirá a mensagem de sucesso" classname="Cenario: Cadastrar um Funcionário" time="0"/>
  <testcase name="Cenario: Cadastrar um Funcionário" classname="Cenario: Cadastrar um Funcionário" time="5.321"/>
  <testcase name="Dado que estou acessando a aplicação" classname="Cenario: Editar um Funcionário" time="0.001"/>
  <testcase name="E realizar o login com o usuario &quot;desafioTeste1&quot; e a senha &quot;desafioTeste1&quot;" classname="Cenario: Editar um Funcionário" time="0"/>
  <testcase name="E pesquisar o funcionário &quot;Carlos Dantas&quot;" classname="Cenario: Editar um Funcionário" time="0"/>
  <testcase name="Quando eu clicar no botao para editar os dados do funcionário pesquisado" classname="Cenario: Editar um Funcionário" time="0"/>
  <testcase name="E editar seus dados" classname="Cenario: Editar um Funcionário" time="0"/>
  <testcase name="E enviar o formulário" classname="Cenario: Editar um Funcionário" time="0"/>
  <testcase name="Entao o sistema exibirá a mensagem de sucesso" classname="Cenario: Editar um Funcionário" time="0"/>
  <testcase name="Cenario: Editar um Funcionário" classname="Cenario: Editar um Funcionário" time="5.715"/>
  <testcase name="Dado que estou acessando a aplicação" classname="Cenario: Excluir um Funcionário" time="0"/>
  <testcase name="E realizar o login com o usuario &quot;desafioTeste1&quot; e a senha &quot;desafioTeste1&quot;" classname="Cenario: Excluir um Funcionário" time="0"/>
  <testcase name="E pesquisar o funcionário &quot;Carlos Dantas&quot;" classname="Cenario: Excluir um Funcionário" time="0"/>
  <testcase name="Quando eu clicar no botao para excluir o funcionário pesquisado" classname="Cenario: Excluir um Funcionário" time="0.001"/>
  <testcase name="Entao o sistema exibirá a mensagem de sucesso" classname="Cenario: Excluir um Funcionário" time="0"/>
  <testcase name="Cenario: Excluir um Funcionário" classname="Cenario: Excluir um Funcionário" time="4.873"/>
  <testcase name="Dado que o usuário cadastre um empregado com admissao &quot;20/02/2020&quot;, cargo &quot;Analista&quot;, comissao &quot;0,00&quot;, cpf &quot;929.376.570-52&quot; departamentoId 1, nome &quot;Fernando Avila FEITO PELA API NAO DELETAR&quot;, salario &quot;1.000,00&quot;, sexo &quot;m&quot; e tipo de contratacao &quot;clt&quot;" classname="Cenario: Deve cadastrar um empregado pela Api" time="0"/>
  <testcase name="Entao o status code ao cadastrar um empregado deve ser 202 e me retornar o empregado com nome &quot;Fernando Avila FEITO PELA API NAO DELETAR&quot;" classname="Cenario: Deve cadastrar um empregado pela Api" time="0.003"/>
  <testcase name="Cenario: Deve cadastrar um empregado pela Api" classname="Cenario: Deve cadastrar um empregado pela Api" time="0.025"/>
  <testcase name="Dado que o usuário deseja consultar o último empregado cadastrado" classname="Cenario: Deve listar um empregado cadastrado pela Api" time="0"/>
  <testcase name="Entao o status code ao consultar um empregado deve ser 202 e retornar o nome do usuário" classname="Cenario: Deve listar um empregado cadastrado pela Api" time="0"/>
  <testcase name="Cenario: Deve listar um empregado cadastrado pela Api" classname="Cenario: Deve listar um empregado cadastrado pela Api" time="0.012"/>
  <testcase name="Dado que o usuário deseja listar todos os empregados cadastrados" classname="Cenario: Deve listar todos empregados cadastrados pela Api" time="0"/>
  <testcase name="Entao o status code ao listar todos os empregados deve ser 200 e a lista deve ser maior que 0 ocorrências" classname="Cenario: Deve listar todos empregados cadastrados pela Api" time="0"/>
  <testcase name="Cenario: Deve listar todos empregados cadastrados pela Api" classname="Cenario: Deve listar todos empregados cadastrados pela Api" time="0.011"/>
  <testcase name="Dado que o usuário deseja alterar o nome &quot;Empregado Editado API&quot;, o salário &quot;1.500,00&quot; e tipo de contratação &quot;pj&quot; do ultimo empregado cadastrado" classname="Cenario: Deve alterar um empregado cadastrados pela Api" time="0.001"/>
  <testcase name="Entao o status code ao alterar o empregado deve ser 200 e retornar o nome do empregado editado" classname="Cenario: Deve alterar um empregado cadastrados pela Api" time="0.002">
    <failure message="1 expectation failed.&#10;Expected status code &lt;200&gt; but was &lt;400&gt;.&#10;" type="java.lang.AssertionError"><![CDATA[java.lang.AssertionError: 
1 expectation failed.
Expected status code <200> but was <400>.

]]></failure>
    <system-out><![CDATA[******************Ultimo ID cadastrado10
Request method:	PUT
Request URI:	https://inm-test-api.herokuapp.com/empregado/alterar/10
Proxy:			<none>
Request params:	<none>
Query params:	<none>
Form params:	<none>
Path params:	<none>
Headers:		Accept=*/*
				Content-Type=application/json; charset=UTF-8
Cookies:		<none>
Multiparts:		<none>
Body:
{
    "admissao": "20/02/2020",
    "comissao": "0,00",
    "tipoContratacao": "pj",
    "salario": "1.500,00",
    "cpf": "929.376.570-52",
    "nome": "Empregado Editado API",
    "cargo": "Analista",
    "sexo": "m",
    "departamentoId": 0
}
HTTP/1.1 400 
Server: Cowboy
Connection: keep-alive
Set-Cookie: JSESSIONID=23050E0FC16EB7C95998627F9BDCEB75; Path=/; Secure; HttpOnly
X-Content-Type-Options: nosniff
X-Xss-Protection: 1; mode=block
Cache-Control: no-cache, no-store, max-age=0, must-revalidate
Pragma: no-cache
Expires: 0
Strict-Transport-Security: max-age=31536000 ; includeSubDomains
X-Frame-Options: DENY
Content-Type: text/plain;charset=UTF-8
Content-Length: 25
Date: Mon, 01 Mar 2021 17:13:17 GMT
Via: 1.1 vegur

Empregado não cadastrado
]]></system-out>
  </testcase>
  <testcase name="Cenario: Deve alterar um empregado cadastrados pela Api" classname="Cenario: Deve alterar um empregado cadastrados pela Api" time="0.003">
    <failure message="1 expectation failed.&#10;Expected status code &lt;200&gt; but was &lt;400&gt;.&#10;" type="java.lang.AssertionError"><![CDATA[java.lang.AssertionError: 
1 expectation failed.
Expected status code <200> but was <400>.

]]></failure>
  </testcase>
</testsuite>